<?xml version="1.0" encoding="UTF-8"?>
<testng-results ignored="0" total="1" passed="1" failed="0" skipped="0">
  <reporter-output>
  </reporter-output>
  <suite started-at="2023-11-30T13:19:43 IST" name="Default suite" finished-at="2023-11-30T13:19:54 IST" duration-ms="11522">
    <groups>
    </groups>
    <test started-at="2023-11-30T13:19:43 IST" name="Default test" finished-at="2023-11-30T13:19:54 IST" duration-ms="11522">
      <class name="testngpkg.Trivagodatepicker">
        <test-method is-config="true" signature="setup()[pri:0, instance:testngpkg.Trivagodatepicker@b9b00e0]" started-at="2023-11-30T13:19:43 IST" name="setup" finished-at="2023-11-30T13:19:53 IST" duration-ms="10167" status="PASS">
          <reporter-output>
          </reporter-output>
        </test-method> <!-- setup -->
        <test-method signature="datepickertest()[pri:0, instance:testngpkg.Trivagodatepicker@b9b00e0]" started-at="2023-11-30T13:19:53 IST" name="datepickertest" finished-at="2023-11-30T13:19:54 IST" duration-ms="1298" status="PASS">
          <reporter-output>
          </reporter-output>
        </test-method> <!-- datepickertest -->
      </class> <!-- testngpkg.Trivagodatepicker -->
    </test> <!-- Default test -->
  </suite> <!-- Default suite -->
</testng-results>
